Arguments: 
  C:\Program Files\nodejs\node.exe C:\Users\Sundar\AppData\Roaming\npm\node_modules\yarn\bin\yarn.js add good

PATH: 
  C:\ProgramData\Oracle\Java\javapath;C:\Program Files\Java\jdk1.8.0_111\bin;C:\Program Files\apache-maven-3.3.9\bin;C:\Program Files\nodejs\;C:\Program Files\Git\cmd;C:\Program Files (x86)\Skype\Phone\;C:\Program Files\Java\jdk1.8.0_111\bin;C:\Users\Sundar\AppData\Roaming\npm;C:\Program Files (x86)\Microsoft VS Code\bin;C:\Program Files (x86)\Python36-32\Scripts;

Yarn version: 
  0.19.1

Node version: 
  6.2.0

Platform: 
  win32 x64

npm manifest: 
  {
    "name": "hapi_test_project",
    "version": "1.0.0",
    "description": "",
    "main": "server.js",
    "scripts": {
      "test": "echo \"Error: no test specified\" && exit 1",
      "start": "node index.js"
    },
    "author": "Sundar N",
    "license": "ISC",
    "dependencies": {
      "hapi": "^14.2.0",
      "inert": "^4.1.0"
    },
    "repository": {}
  }

yarn manifest: 
  No manifest

Lockfile: 
  # THIS IS AN AUTOGENERATED FILE. DO NOT EDIT THIS FILE DIRECTLY.
  # yarn lockfile v1
  
  
  accept@2.x.x:
    version "2.1.3"
    resolved "https://registry.yarnpkg.com/accept/-/accept-2.1.3.tgz#ab0f5bda4c449bbe926aea607b3522562f5acf86"
    dependencies:
      boom "4.x.x"
      hoek "4.x.x"
  
  ammo@2.x.x:
    version "2.0.3"
    resolved "https://registry.yarnpkg.com/ammo/-/ammo-2.0.3.tgz#914bbcf65b043ed0f58a8a9d0196e250ec51e6a7"
    dependencies:
      boom "4.x.x"
      hoek "4.x.x"
  
  b64@3.x.x:
    version "3.0.2"
    resolved "https://registry.yarnpkg.com/b64/-/b64-3.0.2.tgz#7a9d60466adf7b8de114cbdf651a5fdfcc90894d"
  
  boom@3.x.x:
    version "3.2.2"
    resolved "https://registry.yarnpkg.com/boom/-/boom-3.2.2.tgz#0f0cc5d04adc5003b8c7d71f42cca7271fef0e78"
    dependencies:
      hoek "4.x.x"
  
  boom@4.x.x:
    version "4.2.0"
    resolved "https://registry.yarnpkg.com/boom/-/boom-4.2.0.tgz#c1a74174b11fbba223f6162d4fd8851a1b82a536"
    dependencies:
      hoek "4.x.x"
  
  call@3.x.x:
    version "3.0.4"
    resolved "https://registry.yarnpkg.com/call/-/call-3.0.4.tgz#e380f2f2a491330aa79085355f8be080877d559e"
    dependencies:
      boom "4.x.x"
      hoek "4.x.x"
  
  catbox-memory@2.x.x:
    version "2.0.4"
    resolved "https://registry.yarnpkg.com/catbox-memory/-/catbox-memory-2.0.4.tgz#433e255902caf54233d1286429c8f4df14e822d5"
    dependencies:
      hoek "4.x.x"
  
  catbox@7.x.x:
    version "7.1.3"
    resolved "https://registry.yarnpkg.com/catbox/-/catbox-7.1.3.tgz#9817edec5a921743282addfc9c45ace52847eebb"
    dependencies:
      boom "4.x.x"
      hoek "4.x.x"
      joi "10.x.x"
  
  content@3.x.x:
    version "3.0.3"
    resolved "https://registry.yarnpkg.com/content/-/content-3.0.3.tgz#000f8a01371b95c66afe99be9390fa6cb91aa87a"
    dependencies:
      boom "4.x.x"
  
  cryptiles@3.x.x:
    version "3.1.1"
    resolved "https://registry.yarnpkg.com/cryptiles/-/cryptiles-3.1.1.tgz#86a9203f7367a0e9324bc7555ff0fcf5f81979ee"
    dependencies:
      boom "4.x.x"
  
  hapi@^14.2.0:
    version "14.2.0"
    resolved "https://registry.yarnpkg.com/hapi/-/hapi-14.2.0.tgz#e4fe2fc182598a0f81e87b41b6be0fbd31c75409"
    dependencies:
      accept "2.x.x"
      ammo "2.x.x"
      boom "3.x.x"
      call "3.x.x"
      catbox "7.x.x"
      catbox-memory "2.x.x"
      cryptiles "3.x.x"
      heavy "4.x.x"
      hoek "4.x.x"
      iron "4.x.x"
      items "2.x.x"
      joi "9.x.x"
      kilt "2.x.x"
      mimos "3.x.x"
      peekaboo "2.x.x"
      shot "3.x.x"
      statehood "4.x.x"
      subtext "4.x.x"
      topo "2.x.x"
  
  heavy@4.x.x:
    version "4.0.3"
    resolved "https://registry.yarnpkg.com/heavy/-/heavy-4.0.3.tgz#976bba118b011b15fe904aa4f292a168bfc6232f"
    dependencies:
      boom "4.x.x"
      hoek "4.x.x"
      joi "10.x.x"
  
  hoek@4.x.x:
    version "4.1.0"
    resolved "https://registry.yarnpkg.com/hoek/-/hoek-4.1.0.tgz#4a4557460f69842ed463aa00628cc26d2683afa7"
  
  inert@^4.1.0:
    version "4.1.0"
    resolved "https://registry.yarnpkg.com/inert/-/inert-4.1.0.tgz#e68df9fb0b87d8ad688e3428daaf35d623b64f5d"
    dependencies:
      ammo "2.x.x"
      boom "4.x.x"
      hoek "4.x.x"
      items "2.x.x"
      joi "10.x.x"
      lru-cache "4.0.x"
  
  iron@4.x.x:
    version "4.0.4"
    resolved "https://registry.yarnpkg.com/iron/-/iron-4.0.4.tgz#c1f8cc4c91454194ab8920d9247ba882e528061a"
    dependencies:
      boom "4.x.x"
      cryptiles "3.x.x"
      hoek "4.x.x"
  
  isemail@2.x.x:
    version "2.2.1"
    resolved "https://registry.yarnpkg.com/isemail/-/isemail-2.2.1.tgz#0353d3d9a62951080c262c2aa0a42b8ea8e9e2a6"
  
  items@2.x.x:
    version "2.1.1"
    resolved "https://registry.yarnpkg.com/items/-/items-2.1.1.tgz#8bd16d9c83b19529de5aea321acaada78364a198"
  
  joi@10.x.x:
    version "10.2.0"
    resolved "https://registry.yarnpkg.com/joi/-/joi-10.2.0.tgz#2c9dba08240d453e58145667f0d5006de527e328"
    dependencies:
      hoek "4.x.x"
      isemail "2.x.x"
      items "2.x.x"
      topo "2.x.x"
  
  joi@9.x.x:
    version "9.2.0"
    resolved "https://registry.yarnpkg.com/joi/-/joi-9.2.0.tgz#3385ac790192130cbe230e802ec02c9215bbfeda"
    dependencies:
      hoek "4.x.x"
      isemail "2.x.x"
      items "2.x.x"
      moment "2.x.x"
      topo "2.x.x"
  
  kilt@2.x.x:
    version "2.0.2"
    resolved "https://registry.yarnpkg.com/kilt/-/kilt-2.0.2.tgz#04d7183c298a1232efddf7ddca5959a8f6301e20"
    dependencies:
      hoek "4.x.x"
  
  lru-cache@4.0.x:
    version "4.0.2"
    resolved "https://registry.yarnpkg.com/lru-cache/-/lru-cache-4.0.2.tgz#1d17679c069cda5d040991a09dbc2c0db377e55e"
    dependencies:
      pseudomap "^1.0.1"
      yallist "^2.0.0"
  
  mime-db@1.x.x:
    version "1.26.0"
    resolved "https://registry.yarnpkg.com/mime-db/-/mime-db-1.26.0.tgz#eaffcd0e4fc6935cf8134da246e2e6c35305adff"
  
  mimos@3.x.x:
    version "3.0.3"
    resolved "https://registry.yarnpkg.com/mimos/-/mimos-3.0.3.tgz#b9109072ad378c2b72f6a0101c43ddfb2b36641f"
    dependencies:
      hoek "4.x.x"
      mime-db "1.x.x"
  
  moment@2.x.x:
    version "2.17.1"
    resolved "https://registry.yarnpkg.com/moment/-/moment-2.17.1.tgz#fed9506063f36b10f066c8b59a144d7faebe1d82"
  
  nigel@2.x.x:
    version "2.0.2"
    resolved "https://registry.yarnpkg.com/nigel/-/nigel-2.0.2.tgz#93a1866fb0c52d87390aa75e2b161f4b5c75e5b1"
    dependencies:
      hoek "4.x.x"
      vise "2.x.x"
  
  peekaboo@2.x.x:
    version "2.0.2"
    resolved "https://registry.yarnpkg.com/peekaboo/-/peekaboo-2.0.2.tgz#fc42e139efd698c6ff2870a6b20c047cd9aa29ff"
  
  pez@2.x.x:
    version "2.1.4"
    resolved "https://registry.yarnpkg.com/pez/-/pez-2.1.4.tgz#73f822fa62d599d65c4606f490d54d345191bc7c"
    dependencies:
      b64 "3.x.x"
      boom "4.x.x"
      content "3.x.x"
      hoek "4.x.x"
      nigel "2.x.x"
  
  pseudomap@^1.0.1:
    version "1.0.2"
    resolved "https://registry.yarnpkg.com/pseudomap/-/pseudomap-1.0.2.tgz#f052a28da70e618917ef0a8ac34c1ae5a68286b3"
  
  shot@3.x.x:
    version "3.4.0"
    resolved "https://registry.yarnpkg.com/shot/-/shot-3.4.0.tgz#e7125ee72575ae5218349e933636808d790d4b92"
    dependencies:
      hoek "4.x.x"
      joi "10.x.x"
  
  statehood@4.x.x:
    version "4.1.0"
    resolved "https://registry.yarnpkg.com/statehood/-/statehood-4.1.0.tgz#8a2877d13d9850aab6ce877a54b778df0f43acdb"
    dependencies:
      boom "3.x.x"
      cryptiles "3.x.x"
      hoek "4.x.x"
      iron "4.x.x"
      items "2.x.x"
      joi "9.x.x"
  
  subtext@4.x.x:
    version "4.3.0"
    resolved "https://registry.yarnpkg.com/subtext/-/subtext-4.3.0.tgz#dfac90492ec35669fd6e00c6e5d938b06d7ccfbb"
    dependencies:
      boom "4.x.x"
      content "3.x.x"
      hoek "4.x.x"
      pez "2.x.x"
      wreck "10.x.x"
  
  topo@2.x.x:
    version "2.0.2"
    resolved "https://registry.yarnpkg.com/topo/-/topo-2.0.2.tgz#cd5615752539057c0dc0491a621c3bc6fbe1d182"
    dependencies:
      hoek "4.x.x"
  
  vise@2.x.x:
    version "2.0.2"
    resolved "https://registry.yarnpkg.com/vise/-/vise-2.0.2.tgz#6b08e8fb4cb76e3a50cd6dd0ec37338e811a0d39"
    dependencies:
      hoek "4.x.x"
  
  wreck@10.x.x:
    version "10.0.0"
    resolved "https://registry.yarnpkg.com/wreck/-/wreck-10.0.0.tgz#98ab882f85e16a526332507f101f5a7841162278"
    dependencies:
      boom "4.x.x"
      hoek "4.x.x"
  
  yallist@^2.0.0:
    version "2.0.0"
    resolved "https://registry.yarnpkg.com/yallist/-/yallist-2.0.0.tgz#306c543835f09ee1a4cb23b7bce9ab341c91cdd4"

Trace: 
  Error: getaddrinfo ENOENT registry.yarnpkg.com:443
      at Object.exports._errnoException (util.js:953:11)
      at errnoException (dns.js:33:15)
      at GetAddrInfoReqWrap.onlookup [as oncomplete] (dns.js:79:26)
